<?xml version="1.0" encoding="UTF-8"?>
<!-- Generated by org.testng.reporters.JUnitReportReporter -->
<testsuite name="Multiple_Test_scripts.SauceDemoShopingTestNG" tests="6" time="0.006" ignored="0" failures="0" timestamp="02 Aug 2021 23:04:28 GMT" skipped="5" hostname="APON" errors="1">
  <testcase name="setupTest" time="0.000" classname="Multiple_Test_scripts.SauceDemoShopingTestNG">
    <error type="java.lang.NoSuchMethodError" message="com.google.common.collect.ImmutableSet.of(Ljava/lang/Object;Ljava/lang/Object;Ljava/lang/Object;Ljava/lang/Object;Ljava/lang/Object;)Lcom/google/common/collect/ImmutableSet;">
      <![CDATA[java.lang.NoSuchMethodError: com.google.common.collect.ImmutableSet.of(Ljava/lang/Object;Ljava/lang/Object;Ljava/lang/Object;Ljava/lang/Object;Ljava/lang/Object;)Lcom/google/common/collect/ImmutableSet;
	at org.openqa.selenium.os.ExecutableFinder.<clinit>(ExecutableFinder.java:34)
	at org.openqa.selenium.remote.service.DriverService.findExecutable(DriverService.java:109)
	at org.openqa.selenium.chrome.ChromeDriverService.access$000(ChromeDriverService.java:32)
	at org.openqa.selenium.chrome.ChromeDriverService$Builder.findDefaultExecutable(ChromeDriverService.java:137)
	at org.openqa.selenium.remote.service.DriverService$Builder.build(DriverService.java:302)
	at org.openqa.selenium.chrome.ChromeDriverService.createDefaultService(ChromeDriverService.java:88)
	at org.openqa.selenium.chrome.ChromeDriver.<init>(ChromeDriver.java:124)
	at Multiple_Test_scripts.SauceDemoShopingTestNG.setupTest(SauceDemoShopingTestNG.java:26)
	at sun.reflect.NativeMethodAccessorImpl.invoke0(Native Method)
	at sun.reflect.NativeMethodAccessorImpl.invoke(NativeMethodAccessorImpl.java:62)
	at sun.reflect.DelegatingMethodAccessorImpl.invoke(DelegatingMethodAccessorImpl.java:43)
	at java.lang.reflect.Method.invoke(Method.java:498)
	at org.testng.internal.MethodInvocationHelper.invokeMethod(MethodInvocationHelper.java:104)
	at org.testng.internal.Invoker.invokeConfigurationMethod(Invoker.java:515)
	at org.testng.internal.Invoker.invokeConfigurations(Invoker.java:217)
	at org.testng.internal.Invoker.invokeConfigurations(Invoker.java:144)
	at org.testng.TestRunner.beforeRun(TestRunner.java:634)
	at org.testng.TestRunner.run(TestRunner.java:602)
	at org.testng.SuiteRunner.runTest(SuiteRunner.java:387)
	at org.testng.SuiteRunner.runSequentially(SuiteRunner.java:382)
	at org.testng.SuiteRunner.privateRun(SuiteRunner.java:340)
	at org.testng.SuiteRunner.run(SuiteRunner.java:289)
	at org.testng.SuiteRunnerWorker.runSuite(SuiteRunnerWorker.java:52)
	at org.testng.SuiteRunnerWorker.run(SuiteRunnerWorker.java:86)
	at org.testng.TestNG.runSuitesSequentially(TestNG.java:1293)
	at org.testng.TestNG.runSuitesLocally(TestNG.java:1218)
	at org.testng.TestNG.runSuites(TestNG.java:1133)
	at org.testng.TestNG.run(TestNG.java:1104)
	at org.testng.remote.AbstractRemoteTestNG.run(AbstractRemoteTestNG.java:115)
	at org.testng.remote.RemoteTestNG.initAndRun(RemoteTestNG.java:251)
	at org.testng.remote.RemoteTestNG.main(RemoteTestNG.java:77)
]]>
    </error>
  </testcase> <!-- setupTest -->
  <testcase name="Shopping" time="0.002" classname="Multiple_Test_scripts.SauceDemoShopingTestNG">
    <skipped/>
  </testcase> <!-- Shopping -->
  <testcase name="TotalPrice" time="0.001" classname="Multiple_Test_scripts.SauceDemoShopingTestNG">
    <skipped/>
  </testcase> <!-- TotalPrice -->
  <testcase name="LoginData" time="0.001" classname="Multiple_Test_scripts.SauceDemoShopingTestNG">
    <skipped/>
  </testcase> <!-- LoginData -->
  <testcase name="UserInformation" time="0.001" classname="Multiple_Test_scripts.SauceDemoShopingTestNG">
    <skipped/>
  </testcase> <!-- UserInformation -->
  <testcase name="ContinueShoping" time="0.001" classname="Multiple_Test_scripts.SauceDemoShopingTestNG">
    <skipped/>
  </testcase> <!-- ContinueShoping -->
</testsuite> <!-- Multiple_Test_scripts.SauceDemoShopingTestNG -->
