<?xml version="1.0" encoding="UTF-8"?>
<!-- Generated by org.testng.reporters.JUnitReportReporter -->
<testsuite hostname="DESKTOP-1E9O627" name="Multiple_Test_scripts.SauceDemoShopingTestNG" tests="5" failures="0" timestamp="6 May 2021 06:43:53 GMT" time="19.204" errors="0">
  <testcase name="Shopping" time="3.957" classname="Multiple_Test_scripts.SauceDemoShopingTestNG"/>
  <testcase name="ContinueShoping" time="4.292" classname="Multiple_Test_scripts.SauceDemoShopingTestNG"/>
  <testcase name="TotalPrice" time="1.910" classname="Multiple_Test_scripts.SauceDemoShopingTestNG"/>
  <testcase name="LoginData" time="4.427" classname="Multiple_Test_scripts.SauceDemoShopingTestNG"/>
  <testcase name="UserInformation" time="4.618" classname="Multiple_Test_scripts.SauceDemoShopingTestNG"/>
</testsuite> <!-- Multiple_Test_scripts.SauceDemoShopingTestNG -->
