<?xml version="1.0" encoding="UTF-8"?>
<!-- Generated by org.testng.reporters.JUnitReportReporter -->
<testsuite hostname="DESKTOP-1E9O627" name="Multiple_Test_scripts.Validating_positive_negative_Data" tests="2" failures="0" timestamp="6 May 2021 06:43:53 GMT" time="10.301" errors="0">
  <testcase name="NegativeUserId" time="4.968" classname="Multiple_Test_scripts.Validating_positive_negative_Data"/>
  <testcase name="UserId" time="5.333" classname="Multiple_Test_scripts.Validating_positive_negative_Data"/>
</testsuite> <!-- Multiple_Test_scripts.Validating_positive_negative_Data -->
